F:\IITG_SPEECH_RECOGNITION\PROJECTS\VEHICLE_TUTORIAL\DEBUG\VEHICLE_TUTORIAL.EXE
F:\IITG_SPEECH_RECOGNITION\PROJECTS\VEHICLE_TUTORIAL\DEBUG\VEHICLE_TUTORIAL.ILK
F:\IITG_SPEECH_RECOGNITION\PROJECTS\VEHICLE_TUTORIAL\DEBUG\VEHICLE_TUTORIAL.PDB
F:\IITG_SPEECH_RECOGNITION\PROJECTS\VEHICLE_TUTORIAL\VEHICLE_TUTORIAL\DEBUG\.NETFRAMEWORK,VERSION=V4.0.ASSEMBLYATTRIBUTES.OBJ
F:\IITG_SPEECH_RECOGNITION\PROJECTS\VEHICLE_TUTORIAL\VEHICLE_TUTORIAL\DEBUG\APP.RES
F:\IITG_SPEECH_RECOGNITION\PROJECTS\VEHICLE_TUTORIAL\VEHICLE_TUTORIAL\DEBUG\ASSEMBLYINFO.OBJ
F:\iitg_speech_recognition\projects\vehicle_tutorial\vehicle_tutorial\Debug\cl.command.1.tlog
F:\iitg_speech_recognition\projects\vehicle_tutorial\vehicle_tutorial\Debug\CL.read.1.tlog
F:\iitg_speech_recognition\projects\vehicle_tutorial\vehicle_tutorial\Debug\CL.write.1.tlog
F:\iitg_speech_recognition\projects\vehicle_tutorial\vehicle_tutorial\Debug\link.10060.read.1.tlog
F:\iitg_speech_recognition\projects\vehicle_tutorial\vehicle_tutorial\Debug\link.10060.write.1.tlog
F:\iitg_speech_recognition\projects\vehicle_tutorial\vehicle_tutorial\Debug\link.10060-cvtres.read.1.tlog
F:\iitg_speech_recognition\projects\vehicle_tutorial\vehicle_tutorial\Debug\link.10060-cvtres.write.1.tlog
F:\iitg_speech_recognition\projects\vehicle_tutorial\vehicle_tutorial\Debug\link.10180.read.1.tlog
F:\iitg_speech_recognition\projects\vehicle_tutorial\vehicle_tutorial\Debug\link.10180.write.1.tlog
F:\iitg_speech_recognition\projects\vehicle_tutorial\vehicle_tutorial\Debug\link.10180-cvtres.read.1.tlog
F:\iitg_speech_recognition\projects\vehicle_tutorial\vehicle_tutorial\Debug\link.10180-cvtres.write.1.tlog
F:\iitg_speech_recognition\projects\vehicle_tutorial\vehicle_tutorial\Debug\link.10268.read.1.tlog
F:\iitg_speech_recognition\projects\vehicle_tutorial\vehicle_tutorial\Debug\link.10268.write.1.tlog
F:\iitg_speech_recognition\projects\vehicle_tutorial\vehicle_tutorial\Debug\link.10268-cvtres.read.1.tlog
F:\iitg_speech_recognition\projects\vehicle_tutorial\vehicle_tutorial\Debug\link.10268-cvtres.write.1.tlog
F:\iitg_speech_recognition\projects\vehicle_tutorial\vehicle_tutorial\Debug\link.10360.read.1.tlog
F:\iitg_speech_recognition\projects\vehicle_tutorial\vehicle_tutorial\Debug\link.10360.write.1.tlog
F:\iitg_speech_recognition\projects\vehicle_tutorial\vehicle_tutorial\Debug\link.10360-cvtres.read.1.tlog
F:\iitg_speech_recognition\projects\vehicle_tutorial\vehicle_tutorial\Debug\link.10360-cvtres.write.1.tlog
F:\iitg_speech_recognition\projects\vehicle_tutorial\vehicle_tutorial\Debug\link.10568.read.1.tlog
F:\iitg_speech_recognition\projects\vehicle_tutorial\vehicle_tutorial\Debug\link.10568.write.1.tlog
F:\iitg_speech_recognition\projects\vehicle_tutorial\vehicle_tutorial\Debug\link.10568-cvtres.read.1.tlog
F:\iitg_speech_recognition\projects\vehicle_tutorial\vehicle_tutorial\Debug\link.10568-cvtres.write.1.tlog
F:\iitg_speech_recognition\projects\vehicle_tutorial\vehicle_tutorial\Debug\link.10580.read.1.tlog
F:\iitg_speech_recognition\projects\vehicle_tutorial\vehicle_tutorial\Debug\link.10580.write.1.tlog
F:\iitg_speech_recognition\projects\vehicle_tutorial\vehicle_tutorial\Debug\link.10580-cvtres.read.1.tlog
F:\iitg_speech_recognition\projects\vehicle_tutorial\vehicle_tutorial\Debug\link.10580-cvtres.write.1.tlog
F:\iitg_speech_recognition\projects\vehicle_tutorial\vehicle_tutorial\Debug\link.10828.read.1.tlog
F:\iitg_speech_recognition\projects\vehicle_tutorial\vehicle_tutorial\Debug\link.10828.write.1.tlog
F:\iitg_speech_recognition\projects\vehicle_tutorial\vehicle_tutorial\Debug\link.10828-cvtres.read.1.tlog
F:\iitg_speech_recognition\projects\vehicle_tutorial\vehicle_tutorial\Debug\link.10828-cvtres.write.1.tlog
F:\iitg_speech_recognition\projects\vehicle_tutorial\vehicle_tutorial\Debug\link.1084.read.1.tlog
F:\iitg_speech_recognition\projects\vehicle_tutorial\vehicle_tutorial\Debug\link.1084.write.1.tlog
F:\iitg_speech_recognition\projects\vehicle_tutorial\vehicle_tutorial\Debug\link.1084-cvtres.read.1.tlog
F:\iitg_speech_recognition\projects\vehicle_tutorial\vehicle_tutorial\Debug\link.1084-cvtres.write.1.tlog
F:\iitg_speech_recognition\projects\vehicle_tutorial\vehicle_tutorial\Debug\link.11024.read.1.tlog
F:\iitg_speech_recognition\projects\vehicle_tutorial\vehicle_tutorial\Debug\link.11024.write.1.tlog
F:\iitg_speech_recognition\projects\vehicle_tutorial\vehicle_tutorial\Debug\link.11024-cvtres.read.1.tlog
F:\iitg_speech_recognition\projects\vehicle_tutorial\vehicle_tutorial\Debug\link.11024-cvtres.write.1.tlog
F:\iitg_speech_recognition\projects\vehicle_tutorial\vehicle_tutorial\Debug\link.11096.read.1.tlog
F:\iitg_speech_recognition\projects\vehicle_tutorial\vehicle_tutorial\Debug\link.11096.write.1.tlog
F:\iitg_speech_recognition\projects\vehicle_tutorial\vehicle_tutorial\Debug\link.11096-cvtres.read.1.tlog
F:\iitg_speech_recognition\projects\vehicle_tutorial\vehicle_tutorial\Debug\link.11096-cvtres.write.1.tlog
F:\iitg_speech_recognition\projects\vehicle_tutorial\vehicle_tutorial\Debug\link.1128.read.1.tlog
F:\iitg_speech_recognition\projects\vehicle_tutorial\vehicle_tutorial\Debug\link.1128.write.1.tlog
F:\iitg_speech_recognition\projects\vehicle_tutorial\vehicle_tutorial\Debug\link.1128-cvtres.read.1.tlog
F:\iitg_speech_recognition\projects\vehicle_tutorial\vehicle_tutorial\Debug\link.1128-cvtres.write.1.tlog
F:\iitg_speech_recognition\projects\vehicle_tutorial\vehicle_tutorial\Debug\link.11436.read.1.tlog
F:\iitg_speech_recognition\projects\vehicle_tutorial\vehicle_tutorial\Debug\link.11436.write.1.tlog
F:\iitg_speech_recognition\projects\vehicle_tutorial\vehicle_tutorial\Debug\link.11436-cvtres.read.1.tlog
F:\iitg_speech_recognition\projects\vehicle_tutorial\vehicle_tutorial\Debug\link.11436-cvtres.write.1.tlog
F:\iitg_speech_recognition\projects\vehicle_tutorial\vehicle_tutorial\Debug\link.11676.read.1.tlog
F:\iitg_speech_recognition\projects\vehicle_tutorial\vehicle_tutorial\Debug\link.11676.write.1.tlog
F:\iitg_speech_recognition\projects\vehicle_tutorial\vehicle_tutorial\Debug\link.11676-cvtres.read.1.tlog
F:\iitg_speech_recognition\projects\vehicle_tutorial\vehicle_tutorial\Debug\link.11676-cvtres.write.1.tlog
F:\iitg_speech_recognition\projects\vehicle_tutorial\vehicle_tutorial\Debug\link.11716.read.1.tlog
F:\iitg_speech_recognition\projects\vehicle_tutorial\vehicle_tutorial\Debug\link.11716.write.1.tlog
F:\iitg_speech_recognition\projects\vehicle_tutorial\vehicle_tutorial\Debug\link.11716-cvtres.read.1.tlog
F:\iitg_speech_recognition\projects\vehicle_tutorial\vehicle_tutorial\Debug\link.11716-cvtres.write.1.tlog
F:\iitg_speech_recognition\projects\vehicle_tutorial\vehicle_tutorial\Debug\link.12072.read.1.tlog
F:\iitg_speech_recognition\projects\vehicle_tutorial\vehicle_tutorial\Debug\link.12072.write.1.tlog
F:\iitg_speech_recognition\projects\vehicle_tutorial\vehicle_tutorial\Debug\link.12072-cvtres.read.1.tlog
F:\iitg_speech_recognition\projects\vehicle_tutorial\vehicle_tutorial\Debug\link.12072-cvtres.write.1.tlog
F:\iitg_speech_recognition\projects\vehicle_tutorial\vehicle_tutorial\Debug\link.1488.read.1.tlog
F:\iitg_speech_recognition\projects\vehicle_tutorial\vehicle_tutorial\Debug\link.1488.write.1.tlog
F:\iitg_speech_recognition\projects\vehicle_tutorial\vehicle_tutorial\Debug\link.1488-cvtres.read.1.tlog
F:\iitg_speech_recognition\projects\vehicle_tutorial\vehicle_tutorial\Debug\link.1488-cvtres.write.1.tlog
F:\iitg_speech_recognition\projects\vehicle_tutorial\vehicle_tutorial\Debug\link.1740.read.1.tlog
F:\iitg_speech_recognition\projects\vehicle_tutorial\vehicle_tutorial\Debug\link.1740.write.1.tlog
F:\iitg_speech_recognition\projects\vehicle_tutorial\vehicle_tutorial\Debug\link.1740-cvtres.read.1.tlog
F:\iitg_speech_recognition\projects\vehicle_tutorial\vehicle_tutorial\Debug\link.1740-cvtres.write.1.tlog
F:\iitg_speech_recognition\projects\vehicle_tutorial\vehicle_tutorial\Debug\link.1784.read.1.tlog
F:\iitg_speech_recognition\projects\vehicle_tutorial\vehicle_tutorial\Debug\link.1784.write.1.tlog
F:\iitg_speech_recognition\projects\vehicle_tutorial\vehicle_tutorial\Debug\link.1784-cvtres.read.1.tlog
F:\iitg_speech_recognition\projects\vehicle_tutorial\vehicle_tutorial\Debug\link.1784-cvtres.write.1.tlog
F:\iitg_speech_recognition\projects\vehicle_tutorial\vehicle_tutorial\Debug\link.1928.read.1.tlog
F:\iitg_speech_recognition\projects\vehicle_tutorial\vehicle_tutorial\Debug\link.1928.write.1.tlog
F:\iitg_speech_recognition\projects\vehicle_tutorial\vehicle_tutorial\Debug\link.1928-cvtres.read.1.tlog
F:\iitg_speech_recognition\projects\vehicle_tutorial\vehicle_tutorial\Debug\link.1928-cvtres.write.1.tlog
F:\iitg_speech_recognition\projects\vehicle_tutorial\vehicle_tutorial\Debug\link.1964.read.1.tlog
F:\iitg_speech_recognition\projects\vehicle_tutorial\vehicle_tutorial\Debug\link.1964.write.1.tlog
F:\iitg_speech_recognition\projects\vehicle_tutorial\vehicle_tutorial\Debug\link.1964-cvtres.read.1.tlog
F:\iitg_speech_recognition\projects\vehicle_tutorial\vehicle_tutorial\Debug\link.1964-cvtres.write.1.tlog
F:\iitg_speech_recognition\projects\vehicle_tutorial\vehicle_tutorial\Debug\link.2124.read.1.tlog
F:\iitg_speech_recognition\projects\vehicle_tutorial\vehicle_tutorial\Debug\link.2124.write.1.tlog
F:\iitg_speech_recognition\projects\vehicle_tutorial\vehicle_tutorial\Debug\link.2124-cvtres.read.1.tlog
F:\iitg_speech_recognition\projects\vehicle_tutorial\vehicle_tutorial\Debug\link.2124-cvtres.write.1.tlog
F:\iitg_speech_recognition\projects\vehicle_tutorial\vehicle_tutorial\Debug\link.2152.read.1.tlog
F:\iitg_speech_recognition\projects\vehicle_tutorial\vehicle_tutorial\Debug\link.2152.write.1.tlog
F:\iitg_speech_recognition\projects\vehicle_tutorial\vehicle_tutorial\Debug\link.2152-cvtres.read.1.tlog
F:\iitg_speech_recognition\projects\vehicle_tutorial\vehicle_tutorial\Debug\link.2152-cvtres.write.1.tlog
F:\iitg_speech_recognition\projects\vehicle_tutorial\vehicle_tutorial\Debug\link.2644.read.1.tlog
F:\iitg_speech_recognition\projects\vehicle_tutorial\vehicle_tutorial\Debug\link.2644.write.1.tlog
F:\iitg_speech_recognition\projects\vehicle_tutorial\vehicle_tutorial\Debug\link.2644-cvtres.read.1.tlog
F:\iitg_speech_recognition\projects\vehicle_tutorial\vehicle_tutorial\Debug\link.2644-cvtres.write.1.tlog
F:\iitg_speech_recognition\projects\vehicle_tutorial\vehicle_tutorial\Debug\link.2784.read.1.tlog
F:\iitg_speech_recognition\projects\vehicle_tutorial\vehicle_tutorial\Debug\link.2784.write.1.tlog
F:\iitg_speech_recognition\projects\vehicle_tutorial\vehicle_tutorial\Debug\link.2784-cvtres.read.1.tlog
F:\iitg_speech_recognition\projects\vehicle_tutorial\vehicle_tutorial\Debug\link.2784-cvtres.write.1.tlog
F:\iitg_speech_recognition\projects\vehicle_tutorial\vehicle_tutorial\Debug\link.3300.read.1.tlog
F:\iitg_speech_recognition\projects\vehicle_tutorial\vehicle_tutorial\Debug\link.3300.write.1.tlog
F:\iitg_speech_recognition\projects\vehicle_tutorial\vehicle_tutorial\Debug\link.3300-cvtres.read.1.tlog
F:\iitg_speech_recognition\projects\vehicle_tutorial\vehicle_tutorial\Debug\link.3300-cvtres.write.1.tlog
F:\iitg_speech_recognition\projects\vehicle_tutorial\vehicle_tutorial\Debug\link.3584.read.1.tlog
F:\iitg_speech_recognition\projects\vehicle_tutorial\vehicle_tutorial\Debug\link.3584.write.1.tlog
F:\iitg_speech_recognition\projects\vehicle_tutorial\vehicle_tutorial\Debug\link.3584-cvtres.read.1.tlog
F:\iitg_speech_recognition\projects\vehicle_tutorial\vehicle_tutorial\Debug\link.3584-cvtres.write.1.tlog
F:\iitg_speech_recognition\projects\vehicle_tutorial\vehicle_tutorial\Debug\link.3632.read.1.tlog
F:\iitg_speech_recognition\projects\vehicle_tutorial\vehicle_tutorial\Debug\link.3632.write.1.tlog
F:\iitg_speech_recognition\projects\vehicle_tutorial\vehicle_tutorial\Debug\link.3632-cvtres.read.1.tlog
F:\iitg_speech_recognition\projects\vehicle_tutorial\vehicle_tutorial\Debug\link.3632-cvtres.write.1.tlog
F:\iitg_speech_recognition\projects\vehicle_tutorial\vehicle_tutorial\Debug\link.372.read.1.tlog
F:\iitg_speech_recognition\projects\vehicle_tutorial\vehicle_tutorial\Debug\link.372.write.1.tlog
F:\iitg_speech_recognition\projects\vehicle_tutorial\vehicle_tutorial\Debug\link.372-cvtres.read.1.tlog
F:\iitg_speech_recognition\projects\vehicle_tutorial\vehicle_tutorial\Debug\link.372-cvtres.write.1.tlog
F:\iitg_speech_recognition\projects\vehicle_tutorial\vehicle_tutorial\Debug\link.3900.read.1.tlog
F:\iitg_speech_recognition\projects\vehicle_tutorial\vehicle_tutorial\Debug\link.3900.write.1.tlog
F:\iitg_speech_recognition\projects\vehicle_tutorial\vehicle_tutorial\Debug\link.3900-cvtres.read.1.tlog
F:\iitg_speech_recognition\projects\vehicle_tutorial\vehicle_tutorial\Debug\link.3900-cvtres.write.1.tlog
F:\iitg_speech_recognition\projects\vehicle_tutorial\vehicle_tutorial\Debug\link.4280.read.1.tlog
F:\iitg_speech_recognition\projects\vehicle_tutorial\vehicle_tutorial\Debug\link.4280.write.1.tlog
F:\iitg_speech_recognition\projects\vehicle_tutorial\vehicle_tutorial\Debug\link.4280-cvtres.read.1.tlog
F:\iitg_speech_recognition\projects\vehicle_tutorial\vehicle_tutorial\Debug\link.4280-cvtres.write.1.tlog
F:\iitg_speech_recognition\projects\vehicle_tutorial\vehicle_tutorial\Debug\link.4436.read.1.tlog
F:\iitg_speech_recognition\projects\vehicle_tutorial\vehicle_tutorial\Debug\link.4436.write.1.tlog
F:\iitg_speech_recognition\projects\vehicle_tutorial\vehicle_tutorial\Debug\link.4436-cvtres.read.1.tlog
F:\iitg_speech_recognition\projects\vehicle_tutorial\vehicle_tutorial\Debug\link.4436-cvtres.write.1.tlog
F:\iitg_speech_recognition\projects\vehicle_tutorial\vehicle_tutorial\Debug\link.4952.read.1.tlog
F:\iitg_speech_recognition\projects\vehicle_tutorial\vehicle_tutorial\Debug\link.4952.write.1.tlog
F:\iitg_speech_recognition\projects\vehicle_tutorial\vehicle_tutorial\Debug\link.4952-cvtres.read.1.tlog
F:\iitg_speech_recognition\projects\vehicle_tutorial\vehicle_tutorial\Debug\link.4952-cvtres.write.1.tlog
F:\iitg_speech_recognition\projects\vehicle_tutorial\vehicle_tutorial\Debug\link.5180.read.1.tlog
F:\iitg_speech_recognition\projects\vehicle_tutorial\vehicle_tutorial\Debug\link.5180.write.1.tlog
F:\iitg_speech_recognition\projects\vehicle_tutorial\vehicle_tutorial\Debug\link.5180-cvtres.read.1.tlog
F:\iitg_speech_recognition\projects\vehicle_tutorial\vehicle_tutorial\Debug\link.5180-cvtres.write.1.tlog
F:\iitg_speech_recognition\projects\vehicle_tutorial\vehicle_tutorial\Debug\link.5784.read.1.tlog
F:\iitg_speech_recognition\projects\vehicle_tutorial\vehicle_tutorial\Debug\link.5784.write.1.tlog
F:\iitg_speech_recognition\projects\vehicle_tutorial\vehicle_tutorial\Debug\link.5784-cvtres.read.1.tlog
F:\iitg_speech_recognition\projects\vehicle_tutorial\vehicle_tutorial\Debug\link.5784-cvtres.write.1.tlog
F:\iitg_speech_recognition\projects\vehicle_tutorial\vehicle_tutorial\Debug\link.5904.read.1.tlog
F:\iitg_speech_recognition\projects\vehicle_tutorial\vehicle_tutorial\Debug\link.5904.write.1.tlog
F:\iitg_speech_recognition\projects\vehicle_tutorial\vehicle_tutorial\Debug\link.5904-cvtres.read.1.tlog
F:\iitg_speech_recognition\projects\vehicle_tutorial\vehicle_tutorial\Debug\link.5904-cvtres.write.1.tlog
F:\iitg_speech_recognition\projects\vehicle_tutorial\vehicle_tutorial\Debug\link.6292.read.1.tlog
F:\iitg_speech_recognition\projects\vehicle_tutorial\vehicle_tutorial\Debug\link.6292.write.1.tlog
F:\iitg_speech_recognition\projects\vehicle_tutorial\vehicle_tutorial\Debug\link.6292-cvtres.read.1.tlog
F:\iitg_speech_recognition\projects\vehicle_tutorial\vehicle_tutorial\Debug\link.6292-cvtres.write.1.tlog
F:\iitg_speech_recognition\projects\vehicle_tutorial\vehicle_tutorial\Debug\link.6472.read.1.tlog
F:\iitg_speech_recognition\projects\vehicle_tutorial\vehicle_tutorial\Debug\link.6472.write.1.tlog
F:\iitg_speech_recognition\projects\vehicle_tutorial\vehicle_tutorial\Debug\link.6472-cvtres.read.1.tlog
F:\iitg_speech_recognition\projects\vehicle_tutorial\vehicle_tutorial\Debug\link.6472-cvtres.write.1.tlog
F:\iitg_speech_recognition\projects\vehicle_tutorial\vehicle_tutorial\Debug\link.656.read.1.tlog
F:\iitg_speech_recognition\projects\vehicle_tutorial\vehicle_tutorial\Debug\link.656.write.1.tlog
F:\iitg_speech_recognition\projects\vehicle_tutorial\vehicle_tutorial\Debug\link.656-cvtres.read.1.tlog
F:\iitg_speech_recognition\projects\vehicle_tutorial\vehicle_tutorial\Debug\link.656-cvtres.write.1.tlog
F:\iitg_speech_recognition\projects\vehicle_tutorial\vehicle_tutorial\Debug\link.6680.read.1.tlog
F:\iitg_speech_recognition\projects\vehicle_tutorial\vehicle_tutorial\Debug\link.6680.write.1.tlog
F:\iitg_speech_recognition\projects\vehicle_tutorial\vehicle_tutorial\Debug\link.6680-cvtres.read.1.tlog
F:\iitg_speech_recognition\projects\vehicle_tutorial\vehicle_tutorial\Debug\link.6680-cvtres.write.1.tlog
F:\iitg_speech_recognition\projects\vehicle_tutorial\vehicle_tutorial\Debug\link.6688.read.1.tlog
F:\iitg_speech_recognition\projects\vehicle_tutorial\vehicle_tutorial\Debug\link.6688.write.1.tlog
F:\iitg_speech_recognition\projects\vehicle_tutorial\vehicle_tutorial\Debug\link.6688-cvtres.read.1.tlog
F:\iitg_speech_recognition\projects\vehicle_tutorial\vehicle_tutorial\Debug\link.6688-cvtres.write.1.tlog
F:\iitg_speech_recognition\projects\vehicle_tutorial\vehicle_tutorial\Debug\link.6724.read.1.tlog
F:\iitg_speech_recognition\projects\vehicle_tutorial\vehicle_tutorial\Debug\link.6724.write.1.tlog
F:\iitg_speech_recognition\projects\vehicle_tutorial\vehicle_tutorial\Debug\link.6724-cvtres.read.1.tlog
F:\iitg_speech_recognition\projects\vehicle_tutorial\vehicle_tutorial\Debug\link.6724-cvtres.write.1.tlog
F:\iitg_speech_recognition\projects\vehicle_tutorial\vehicle_tutorial\Debug\link.6876.read.1.tlog
F:\iitg_speech_recognition\projects\vehicle_tutorial\vehicle_tutorial\Debug\link.6876.write.1.tlog
F:\iitg_speech_recognition\projects\vehicle_tutorial\vehicle_tutorial\Debug\link.6876-cvtres.read.1.tlog
F:\iitg_speech_recognition\projects\vehicle_tutorial\vehicle_tutorial\Debug\link.6876-cvtres.write.1.tlog
F:\iitg_speech_recognition\projects\vehicle_tutorial\vehicle_tutorial\Debug\link.6936.read.1.tlog
F:\iitg_speech_recognition\projects\vehicle_tutorial\vehicle_tutorial\Debug\link.6936.write.1.tlog
F:\iitg_speech_recognition\projects\vehicle_tutorial\vehicle_tutorial\Debug\link.6936-cvtres.read.1.tlog
F:\iitg_speech_recognition\projects\vehicle_tutorial\vehicle_tutorial\Debug\link.6936-cvtres.write.1.tlog
F:\iitg_speech_recognition\projects\vehicle_tutorial\vehicle_tutorial\Debug\link.7084.read.1.tlog
F:\iitg_speech_recognition\projects\vehicle_tutorial\vehicle_tutorial\Debug\link.7084.write.1.tlog
F:\iitg_speech_recognition\projects\vehicle_tutorial\vehicle_tutorial\Debug\link.7084-cvtres.read.1.tlog
F:\iitg_speech_recognition\projects\vehicle_tutorial\vehicle_tutorial\Debug\link.7084-cvtres.write.1.tlog
F:\iitg_speech_recognition\projects\vehicle_tutorial\vehicle_tutorial\Debug\link.7136.read.1.tlog
F:\iitg_speech_recognition\projects\vehicle_tutorial\vehicle_tutorial\Debug\link.7136.write.1.tlog
F:\iitg_speech_recognition\projects\vehicle_tutorial\vehicle_tutorial\Debug\link.7136-cvtres.read.1.tlog
F:\iitg_speech_recognition\projects\vehicle_tutorial\vehicle_tutorial\Debug\link.7136-cvtres.write.1.tlog
F:\iitg_speech_recognition\projects\vehicle_tutorial\vehicle_tutorial\Debug\link.7184.read.1.tlog
F:\iitg_speech_recognition\projects\vehicle_tutorial\vehicle_tutorial\Debug\link.7184.write.1.tlog
F:\iitg_speech_recognition\projects\vehicle_tutorial\vehicle_tutorial\Debug\link.7184-cvtres.read.1.tlog
F:\iitg_speech_recognition\projects\vehicle_tutorial\vehicle_tutorial\Debug\link.7184-cvtres.write.1.tlog
F:\iitg_speech_recognition\projects\vehicle_tutorial\vehicle_tutorial\Debug\link.72.read.1.tlog
F:\iitg_speech_recognition\projects\vehicle_tutorial\vehicle_tutorial\Debug\link.72.write.1.tlog
F:\iitg_speech_recognition\projects\vehicle_tutorial\vehicle_tutorial\Debug\link.7296.read.1.tlog
F:\iitg_speech_recognition\projects\vehicle_tutorial\vehicle_tutorial\Debug\link.7296.write.1.tlog
F:\iitg_speech_recognition\projects\vehicle_tutorial\vehicle_tutorial\Debug\link.7296-cvtres.read.1.tlog
F:\iitg_speech_recognition\projects\vehicle_tutorial\vehicle_tutorial\Debug\link.7296-cvtres.write.1.tlog
F:\iitg_speech_recognition\projects\vehicle_tutorial\vehicle_tutorial\Debug\link.72-cvtres.read.1.tlog
F:\iitg_speech_recognition\projects\vehicle_tutorial\vehicle_tutorial\Debug\link.72-cvtres.write.1.tlog
F:\iitg_speech_recognition\projects\vehicle_tutorial\vehicle_tutorial\Debug\link.7420.read.1.tlog
F:\iitg_speech_recognition\projects\vehicle_tutorial\vehicle_tutorial\Debug\link.7420.write.1.tlog
F:\iitg_speech_recognition\projects\vehicle_tutorial\vehicle_tutorial\Debug\link.7420-cvtres.read.1.tlog
F:\iitg_speech_recognition\projects\vehicle_tutorial\vehicle_tutorial\Debug\link.7420-cvtres.write.1.tlog
F:\iitg_speech_recognition\projects\vehicle_tutorial\vehicle_tutorial\Debug\link.7752.read.1.tlog
F:\iitg_speech_recognition\projects\vehicle_tutorial\vehicle_tutorial\Debug\link.7752.write.1.tlog
F:\iitg_speech_recognition\projects\vehicle_tutorial\vehicle_tutorial\Debug\link.7752-cvtres.read.1.tlog
F:\iitg_speech_recognition\projects\vehicle_tutorial\vehicle_tutorial\Debug\link.7752-cvtres.write.1.tlog
F:\iitg_speech_recognition\projects\vehicle_tutorial\vehicle_tutorial\Debug\link.8112.read.1.tlog
F:\iitg_speech_recognition\projects\vehicle_tutorial\vehicle_tutorial\Debug\link.8112.write.1.tlog
F:\iitg_speech_recognition\projects\vehicle_tutorial\vehicle_tutorial\Debug\link.8112-cvtres.read.1.tlog
F:\iitg_speech_recognition\projects\vehicle_tutorial\vehicle_tutorial\Debug\link.8112-cvtres.write.1.tlog
F:\iitg_speech_recognition\projects\vehicle_tutorial\vehicle_tutorial\Debug\link.8240.read.1.tlog
F:\iitg_speech_recognition\projects\vehicle_tutorial\vehicle_tutorial\Debug\link.8240.write.1.tlog
F:\iitg_speech_recognition\projects\vehicle_tutorial\vehicle_tutorial\Debug\link.8240-cvtres.read.1.tlog
F:\iitg_speech_recognition\projects\vehicle_tutorial\vehicle_tutorial\Debug\link.8240-cvtres.write.1.tlog
F:\iitg_speech_recognition\projects\vehicle_tutorial\vehicle_tutorial\Debug\link.8284.read.1.tlog
F:\iitg_speech_recognition\projects\vehicle_tutorial\vehicle_tutorial\Debug\link.8284.write.1.tlog
F:\iitg_speech_recognition\projects\vehicle_tutorial\vehicle_tutorial\Debug\link.8284-cvtres.read.1.tlog
F:\iitg_speech_recognition\projects\vehicle_tutorial\vehicle_tutorial\Debug\link.8284-cvtres.write.1.tlog
F:\iitg_speech_recognition\projects\vehicle_tutorial\vehicle_tutorial\Debug\link.8520.read.1.tlog
F:\iitg_speech_recognition\projects\vehicle_tutorial\vehicle_tutorial\Debug\link.8520.write.1.tlog
F:\iitg_speech_recognition\projects\vehicle_tutorial\vehicle_tutorial\Debug\link.8520-cvtres.read.1.tlog
F:\iitg_speech_recognition\projects\vehicle_tutorial\vehicle_tutorial\Debug\link.8520-cvtres.write.1.tlog
F:\iitg_speech_recognition\projects\vehicle_tutorial\vehicle_tutorial\Debug\link.8576.read.1.tlog
F:\iitg_speech_recognition\projects\vehicle_tutorial\vehicle_tutorial\Debug\link.8576.write.1.tlog
F:\iitg_speech_recognition\projects\vehicle_tutorial\vehicle_tutorial\Debug\link.8576-cvtres.read.1.tlog
F:\iitg_speech_recognition\projects\vehicle_tutorial\vehicle_tutorial\Debug\link.8576-cvtres.write.1.tlog
F:\iitg_speech_recognition\projects\vehicle_tutorial\vehicle_tutorial\Debug\link.8712.read.1.tlog
F:\iitg_speech_recognition\projects\vehicle_tutorial\vehicle_tutorial\Debug\link.8712.write.1.tlog
F:\iitg_speech_recognition\projects\vehicle_tutorial\vehicle_tutorial\Debug\link.8712-cvtres.read.1.tlog
F:\iitg_speech_recognition\projects\vehicle_tutorial\vehicle_tutorial\Debug\link.8712-cvtres.write.1.tlog
F:\iitg_speech_recognition\projects\vehicle_tutorial\vehicle_tutorial\Debug\link.8732.read.1.tlog
F:\iitg_speech_recognition\projects\vehicle_tutorial\vehicle_tutorial\Debug\link.8732.write.1.tlog
F:\iitg_speech_recognition\projects\vehicle_tutorial\vehicle_tutorial\Debug\link.8732-cvtres.read.1.tlog
F:\iitg_speech_recognition\projects\vehicle_tutorial\vehicle_tutorial\Debug\link.8732-cvtres.write.1.tlog
F:\iitg_speech_recognition\projects\vehicle_tutorial\vehicle_tutorial\Debug\link.8768.read.1.tlog
F:\iitg_speech_recognition\projects\vehicle_tutorial\vehicle_tutorial\Debug\link.8768.write.1.tlog
F:\iitg_speech_recognition\projects\vehicle_tutorial\vehicle_tutorial\Debug\link.8768-cvtres.read.1.tlog
F:\iitg_speech_recognition\projects\vehicle_tutorial\vehicle_tutorial\Debug\link.8768-cvtres.write.1.tlog
F:\iitg_speech_recognition\projects\vehicle_tutorial\vehicle_tutorial\Debug\link.8892.read.1.tlog
F:\iitg_speech_recognition\projects\vehicle_tutorial\vehicle_tutorial\Debug\link.8892.write.1.tlog
F:\iitg_speech_recognition\projects\vehicle_tutorial\vehicle_tutorial\Debug\link.8892-cvtres.read.1.tlog
F:\iitg_speech_recognition\projects\vehicle_tutorial\vehicle_tutorial\Debug\link.8892-cvtres.write.1.tlog
F:\iitg_speech_recognition\projects\vehicle_tutorial\vehicle_tutorial\Debug\link.8908.read.1.tlog
F:\iitg_speech_recognition\projects\vehicle_tutorial\vehicle_tutorial\Debug\link.8908.write.1.tlog
F:\iitg_speech_recognition\projects\vehicle_tutorial\vehicle_tutorial\Debug\link.8908-cvtres.read.1.tlog
F:\iitg_speech_recognition\projects\vehicle_tutorial\vehicle_tutorial\Debug\link.8908-cvtres.write.1.tlog
F:\iitg_speech_recognition\projects\vehicle_tutorial\vehicle_tutorial\Debug\link.9032.read.1.tlog
F:\iitg_speech_recognition\projects\vehicle_tutorial\vehicle_tutorial\Debug\link.9032.write.1.tlog
F:\iitg_speech_recognition\projects\vehicle_tutorial\vehicle_tutorial\Debug\link.9032-cvtres.read.1.tlog
F:\iitg_speech_recognition\projects\vehicle_tutorial\vehicle_tutorial\Debug\link.9032-cvtres.write.1.tlog
F:\iitg_speech_recognition\projects\vehicle_tutorial\vehicle_tutorial\Debug\link.9108.read.1.tlog
F:\iitg_speech_recognition\projects\vehicle_tutorial\vehicle_tutorial\Debug\link.9108.write.1.tlog
F:\iitg_speech_recognition\projects\vehicle_tutorial\vehicle_tutorial\Debug\link.9108-cvtres.read.1.tlog
F:\iitg_speech_recognition\projects\vehicle_tutorial\vehicle_tutorial\Debug\link.9108-cvtres.write.1.tlog
F:\iitg_speech_recognition\projects\vehicle_tutorial\vehicle_tutorial\Debug\link.9296.read.1.tlog
F:\iitg_speech_recognition\projects\vehicle_tutorial\vehicle_tutorial\Debug\link.9296.write.1.tlog
F:\iitg_speech_recognition\projects\vehicle_tutorial\vehicle_tutorial\Debug\link.9296-cvtres.read.1.tlog
F:\iitg_speech_recognition\projects\vehicle_tutorial\vehicle_tutorial\Debug\link.9296-cvtres.write.1.tlog
F:\iitg_speech_recognition\projects\vehicle_tutorial\vehicle_tutorial\Debug\link.9512.read.1.tlog
F:\iitg_speech_recognition\projects\vehicle_tutorial\vehicle_tutorial\Debug\link.9512.write.1.tlog
F:\iitg_speech_recognition\projects\vehicle_tutorial\vehicle_tutorial\Debug\link.9512-cvtres.read.1.tlog
F:\iitg_speech_recognition\projects\vehicle_tutorial\vehicle_tutorial\Debug\link.9512-cvtres.write.1.tlog
F:\iitg_speech_recognition\projects\vehicle_tutorial\vehicle_tutorial\Debug\link.9640.read.1.tlog
F:\iitg_speech_recognition\projects\vehicle_tutorial\vehicle_tutorial\Debug\link.9640.write.1.tlog
F:\iitg_speech_recognition\projects\vehicle_tutorial\vehicle_tutorial\Debug\link.9640-cvtres.read.1.tlog
F:\iitg_speech_recognition\projects\vehicle_tutorial\vehicle_tutorial\Debug\link.9640-cvtres.write.1.tlog
F:\iitg_speech_recognition\projects\vehicle_tutorial\vehicle_tutorial\Debug\link.9756.read.1.tlog
F:\iitg_speech_recognition\projects\vehicle_tutorial\vehicle_tutorial\Debug\link.9756.write.1.tlog
F:\iitg_speech_recognition\projects\vehicle_tutorial\vehicle_tutorial\Debug\link.9756-cvtres.read.1.tlog
F:\iitg_speech_recognition\projects\vehicle_tutorial\vehicle_tutorial\Debug\link.9756-cvtres.write.1.tlog
F:\iitg_speech_recognition\projects\vehicle_tutorial\vehicle_tutorial\Debug\link.9992.read.1.tlog
F:\iitg_speech_recognition\projects\vehicle_tutorial\vehicle_tutorial\Debug\link.9992.write.1.tlog
F:\iitg_speech_recognition\projects\vehicle_tutorial\vehicle_tutorial\Debug\link.9992-cvtres.read.1.tlog
F:\iitg_speech_recognition\projects\vehicle_tutorial\vehicle_tutorial\Debug\link.9992-cvtres.write.1.tlog
F:\iitg_speech_recognition\projects\vehicle_tutorial\vehicle_tutorial\Debug\link.command.1.tlog
F:\iitg_speech_recognition\projects\vehicle_tutorial\vehicle_tutorial\Debug\link.read.1.tlog
F:\iitg_speech_recognition\projects\vehicle_tutorial\vehicle_tutorial\Debug\link.write.1.tlog
F:\iitg_speech_recognition\projects\vehicle_tutorial\vehicle_tutorial\Debug\mt.command.1.tlog
F:\iitg_speech_recognition\projects\vehicle_tutorial\vehicle_tutorial\Debug\mt.read.1.tlog
F:\iitg_speech_recognition\projects\vehicle_tutorial\vehicle_tutorial\Debug\mt.write.1.tlog
F:\iitg_speech_recognition\projects\vehicle_tutorial\vehicle_tutorial\Debug\rc.command.1.tlog
F:\iitg_speech_recognition\projects\vehicle_tutorial\vehicle_tutorial\Debug\rc.read.1.tlog
F:\iitg_speech_recognition\projects\vehicle_tutorial\vehicle_tutorial\Debug\rc.write.1.tlog
F:\IITG_SPEECH_RECOGNITION\PROJECTS\VEHICLE_TUTORIAL\VEHICLE_TUTORIAL\DEBUG\STDAFX.OBJ
F:\IITG_SPEECH_RECOGNITION\PROJECTS\VEHICLE_TUTORIAL\VEHICLE_TUTORIAL\DEBUG\VC100.PDB
F:\IITG_SPEECH_RECOGNITION\PROJECTS\VEHICLE_TUTORIAL\VEHICLE_TUTORIAL\DEBUG\VEHICLE_TUTORIAL.EXE.INTERMEDIATE.MANIFEST
F:\iitg_speech_recognition\projects\vehicle_tutorial\vehicle_tutorial\Debug\vehicle_tutorial.Form1.resources
F:\IITG_SPEECH_RECOGNITION\PROJECTS\VEHICLE_TUTORIAL\VEHICLE_TUTORIAL\DEBUG\VEHICLE_TUTORIAL.OBJ
F:\IITG_SPEECH_RECOGNITION\PROJECTS\VEHICLE_TUTORIAL\VEHICLE_TUTORIAL\DEBUG\VEHICLE_TUTORIAL.PCH
F:\iitg_speech_recognition\projects\vehicle_tutorial\vehicle_tutorial\Debug\vehicle_tutorial.vcxproj.GenerateResource.Cache
F:\iitg_speech_recognition\projects\vehicle_tutorial\vehicle_tutorial\Debug\vehicle_tutorial.vcxprojResolveAssemblyReference.cache
F:\iitg_speech_recognition\projects\vehicle_tutorial\vehicle_tutorial\Debug\vehicle_tutorial.write.1.tlog
