Build started 18/11/2019 1.22.09 AM.
     1>Project "F:\iitg_speech_recognition\projects\vehicle_tutorial\vehicle_tutorial\vehicle_tutorial.vcxproj" on node 2 (rebuild target(s)).
     1>_PrepareForClean:
         Deleting file "Debug\vehicle_tutorial.lastbuildstate".
       InitializeBuildStatus:
         Creating "Debug\vehicle_tutorial.unsuccessfulbuild" because "AlwaysCreate" was specified.
       GenerateTargetFrameworkMonikerAttribute:
       Skipping target "GenerateTargetFrameworkMonikerAttribute" because all output files are up-to-date with respect to the input files.
       ClCompile:
         G:\installvisualStudio\visual studio 2010\VC\bin\CL.exe /c /AI"C:\Program Files (x86)\Reference Assemblies\Microsoft\Framework\.NETFramework\v4.0" /Zi /clr /nologo /W3 /WX- /Od /Oy- /D WIN32 /D _DEBUG /D _UNICODE /D UNICODE /EHa /MDd /GS /fp:precise /Zc:wchar_t /Zc:forScope /Yc"StdAfx.h" /Fp"Debug\vehicle_tutorial.pch" /Fo"Debug\\" /Fd"Debug\vc100.pdb" /TP /FU"C:\Program Files (x86)\Reference Assemblies\Microsoft\Framework\.NETFramework\v4.0\Microsoft.VisualBasic.dll" /FUC:\WINDOWS\assembly\GAC_MSIL\Microsoft.VisualBasic.PowerPacks.Vs\10.0.0.0__b03f5f7f11d50a3a\Microsoft.VisualBasic.PowerPacks.Vs.dll /FU"C:\Program Files (x86)\Reference Assemblies\Microsoft\Framework\.NETFramework\v4.0\System.Core.dll" /FU"C:\Program Files (x86)\Reference Assemblies\Microsoft\Framework\.NETFramework\v4.0\System.Data.dll" /FU"C:\Program Files (x86)\Reference Assemblies\Microsoft\Framework\.NETFramework\v4.0\System.dll" /FU"C:\Program Files (x86)\Reference Assemblies\Microsoft\Framework\.NETFramework\v4.0\System.Drawing.dll" /FU"C:\Program Files (x86)\Reference Assemblies\Microsoft\Framework\.NETFramework\v4.0\System.Windows.Forms.dll" /FU"C:\Program Files (x86)\Reference Assemblies\Microsoft\Framework\.NETFramework\v4.0\System.Xml.dll" /analyze- /errorReport:prompt stdafx.cpp /clr:nostdlib 
         stdafx.cpp
         G:\installvisualStudio\visual studio 2010\VC\bin\CL.exe /c /AI"C:\Program Files (x86)\Reference Assemblies\Microsoft\Framework\.NETFramework\v4.0" /Zi /clr /nologo /W3 /WX- /Od /Oy- /D WIN32 /D _DEBUG /D _UNICODE /D UNICODE /EHa /MDd /GS /fp:precise /Zc:wchar_t /Zc:forScope /Yu"StdAfx.h" /Fp"Debug\vehicle_tutorial.pch" /Fo"Debug\\" /Fd"Debug\vc100.pdb" /TP /FU"C:\Program Files (x86)\Reference Assemblies\Microsoft\Framework\.NETFramework\v4.0\Microsoft.VisualBasic.dll" /FUC:\WINDOWS\assembly\GAC_MSIL\Microsoft.VisualBasic.PowerPacks.Vs\10.0.0.0__b03f5f7f11d50a3a\Microsoft.VisualBasic.PowerPacks.Vs.dll /FU"C:\Program Files (x86)\Reference Assemblies\Microsoft\Framework\.NETFramework\v4.0\System.Core.dll" /FU"C:\Program Files (x86)\Reference Assemblies\Microsoft\Framework\.NETFramework\v4.0\System.Data.dll" /FU"C:\Program Files (x86)\Reference Assemblies\Microsoft\Framework\.NETFramework\v4.0\System.dll" /FU"C:\Program Files (x86)\Reference Assemblies\Microsoft\Framework\.NETFramework\v4.0\System.Drawing.dll" /FU"C:\Program Files (x86)\Reference Assemblies\Microsoft\Framework\.NETFramework\v4.0\System.Windows.Forms.dll" /FU"C:\Program Files (x86)\Reference Assemblies\Microsoft\Framework\.NETFramework\v4.0\System.Xml.dll" /analyze- /errorReport:prompt AssemblyInfo.cpp vehicle_tutorial.cpp /clr:nostdlib 
         AssemblyInfo.cpp
         vehicle_tutorial.cpp
     1>f:\iitg_speech_recognition\projects\vehicle_tutorial\vehicle_tutorial\test_recording.h(85): warning C4996: 'strcpy': This function or variable may be unsafe. Consider using strcpy_s instead. To disable deprecation, use _CRT_SECURE_NO_WARNINGS. See online help for details.
                 G:\installvisualStudio\visual studio 2010\VC\include\string.h(105) : see declaration of 'strcpy'
     1>f:\iitg_speech_recognition\projects\vehicle_tutorial\vehicle_tutorial\test_recording.h(124): warning C4996: 'strcpy': This function or variable may be unsafe. Consider using strcpy_s instead. To disable deprecation, use _CRT_SECURE_NO_WARNINGS. See online help for details.
                 G:\installvisualStudio\visual studio 2010\VC\include\string.h(105) : see declaration of 'strcpy'
     1>f:\iitg_speech_recognition\projects\vehicle_tutorial\vehicle_tutorial\test_recording.h(125): warning C4996: 'itoa': The POSIX name for this item is deprecated. Instead, use the ISO C++ conformant name: _itoa. See online help for details.
                 G:\installvisualStudio\visual studio 2010\VC\include\stdlib.h(867) : see declaration of 'itoa'
     1>f:\iitg_speech_recognition\projects\vehicle_tutorial\vehicle_tutorial\test_recording.h(126): warning C4996: 'strcat': This function or variable may be unsafe. Consider using strcat_s instead. To disable deprecation, use _CRT_SECURE_NO_WARNINGS. See online help for details.
                 G:\installvisualStudio\visual studio 2010\VC\include\string.h(110) : see declaration of 'strcat'
     1>f:\iitg_speech_recognition\projects\vehicle_tutorial\vehicle_tutorial\test_recording.h(127): warning C4996: 'itoa': The POSIX name for this item is deprecated. Instead, use the ISO C++ conformant name: _itoa. See online help for details.
                 G:\installvisualStudio\visual studio 2010\VC\include\stdlib.h(867) : see declaration of 'itoa'
     1>f:\iitg_speech_recognition\projects\vehicle_tutorial\vehicle_tutorial\test_recording.h(128): warning C4996: 'strcat': This function or variable may be unsafe. Consider using strcat_s instead. To disable deprecation, use _CRT_SECURE_NO_WARNINGS. See online help for details.
                 G:\installvisualStudio\visual studio 2010\VC\include\string.h(110) : see declaration of 'strcat'
     1>f:\iitg_speech_recognition\projects\vehicle_tutorial\vehicle_tutorial\test_recording.h(131): warning C4996: 'fopen': This function or variable may be unsafe. Consider using fopen_s instead. To disable deprecation, use _CRT_SECURE_NO_WARNINGS. See online help for details.
                 G:\installvisualStudio\visual studio 2010\VC\include\stdio.h(234) : see declaration of 'fopen'
     1>f:\iitg_speech_recognition\projects\vehicle_tutorial\vehicle_tutorial\test_recording.h(142): warning C4996: 'fscanf': This function or variable may be unsafe. Consider using fscanf_s instead. To disable deprecation, use _CRT_SECURE_NO_WARNINGS. See online help for details.
                 G:\installvisualStudio\visual studio 2010\VC\include\stdio.h(253) : see declaration of 'fscanf'
     1>f:\iitg_speech_recognition\projects\vehicle_tutorial\vehicle_tutorial\test_recording.h(149): warning C4996: 'fscanf': This function or variable may be unsafe. Consider using fscanf_s instead. To disable deprecation, use _CRT_SECURE_NO_WARNINGS. See online help for details.
                 G:\installvisualStudio\visual studio 2010\VC\include\stdio.h(253) : see declaration of 'fscanf'
     1>f:\iitg_speech_recognition\projects\vehicle_tutorial\vehicle_tutorial\test_recording.h(158): warning C4996: 'fscanf': This function or variable may be unsafe. Consider using fscanf_s instead. To disable deprecation, use _CRT_SECURE_NO_WARNINGS. See online help for details.
                 G:\installvisualStudio\visual studio 2010\VC\include\stdio.h(253) : see declaration of 'fscanf'
     1>f:\iitg_speech_recognition\projects\vehicle_tutorial\vehicle_tutorial\test_recording.h(182): warning C4996: 'fopen': This function or variable may be unsafe. Consider using fopen_s instead. To disable deprecation, use _CRT_SECURE_NO_WARNINGS. See online help for details.
                 G:\installvisualStudio\visual studio 2010\VC\include\stdio.h(234) : see declaration of 'fopen'
     1>f:\iitg_speech_recognition\projects\vehicle_tutorial\vehicle_tutorial\test_recording.h(197): warning C4996: 'fscanf': This function or variable may be unsafe. Consider using fscanf_s instead. To disable deprecation, use _CRT_SECURE_NO_WARNINGS. See online help for details.
                 G:\installvisualStudio\visual studio 2010\VC\include\stdio.h(253) : see declaration of 'fscanf'
     1>f:\iitg_speech_recognition\projects\vehicle_tutorial\vehicle_tutorial\test_recording.h(213): warning C4996: 'fscanf': This function or variable may be unsafe. Consider using fscanf_s instead. To disable deprecation, use _CRT_SECURE_NO_WARNINGS. See online help for details.
                 G:\installvisualStudio\visual studio 2010\VC\include\stdio.h(253) : see declaration of 'fscanf'
     1>f:\iitg_speech_recognition\projects\vehicle_tutorial\vehicle_tutorial\test_recording.h(279): warning C4996: 'fopen': This function or variable may be unsafe. Consider using fopen_s instead. To disable deprecation, use _CRT_SECURE_NO_WARNINGS. See online help for details.
                 G:\installvisualStudio\visual studio 2010\VC\include\stdio.h(234) : see declaration of 'fopen'
     1>f:\iitg_speech_recognition\projects\vehicle_tutorial\vehicle_tutorial\test_recording.h(291): warning C4996: 'fscanf': This function or variable may be unsafe. Consider using fscanf_s instead. To disable deprecation, use _CRT_SECURE_NO_WARNINGS. See online help for details.
                 G:\installvisualStudio\visual studio 2010\VC\include\stdio.h(253) : see declaration of 'fscanf'
     1>f:\iitg_speech_recognition\projects\vehicle_tutorial\vehicle_tutorial\test_recording.h(315): warning C4996: 'fopen': This function or variable may be unsafe. Consider using fopen_s instead. To disable deprecation, use _CRT_SECURE_NO_WARNINGS. See online help for details.
                 G:\installvisualStudio\visual studio 2010\VC\include\stdio.h(234) : see declaration of 'fopen'
     1>f:\iitg_speech_recognition\projects\vehicle_tutorial\vehicle_tutorial\test_recording.h(317): warning C4996: 'fopen': This function or variable may be unsafe. Consider using fopen_s instead. To disable deprecation, use _CRT_SECURE_NO_WARNINGS. See online help for details.
                 G:\installvisualStudio\visual studio 2010\VC\include\stdio.h(234) : see declaration of 'fopen'
     1>f:\iitg_speech_recognition\projects\vehicle_tutorial\vehicle_tutorial\test_recording.h(327): warning C4996: 'fscanf': This function or variable may be unsafe. Consider using fscanf_s instead. To disable deprecation, use _CRT_SECURE_NO_WARNINGS. See online help for details.
                 G:\installvisualStudio\visual studio 2010\VC\include\stdio.h(253) : see declaration of 'fscanf'
     1>f:\iitg_speech_recognition\projects\vehicle_tutorial\vehicle_tutorial\test_recording.h(390): warning C4996: 'fscanf': This function or variable may be unsafe. Consider using fscanf_s instead. To disable deprecation, use _CRT_SECURE_NO_WARNINGS. See online help for details.
                 G:\installvisualStudio\visual studio 2010\VC\include\stdio.h(253) : see declaration of 'fscanf'
     1>f:\iitg_speech_recognition\projects\vehicle_tutorial\vehicle_tutorial\Form1.h(233): warning C4996: 'strcpy': This function or variable may be unsafe. Consider using strcpy_s instead. To disable deprecation, use _CRT_SECURE_NO_WARNINGS. See online help for details.
                 G:\installvisualStudio\visual studio 2010\VC\include\string.h(105) : see declaration of 'strcpy'
     1>f:\iitg_speech_recognition\projects\vehicle_tutorial\vehicle_tutorial\Form1.h(234): warning C4996: 'itoa': The POSIX name for this item is deprecated. Instead, use the ISO C++ conformant name: _itoa. See online help for details.
                 G:\installvisualStudio\visual studio 2010\VC\include\stdlib.h(867) : see declaration of 'itoa'
     1>f:\iitg_speech_recognition\projects\vehicle_tutorial\vehicle_tutorial\Form1.h(235): warning C4996: 'strcat': This function or variable may be unsafe. Consider using strcat_s instead. To disable deprecation, use _CRT_SECURE_NO_WARNINGS. See online help for details.
                 G:\installvisualStudio\visual studio 2010\VC\include\string.h(110) : see declaration of 'strcat'
         Generating Code...
         G:\installvisualStudio\visual studio 2010\VC\bin\CL.exe /c /Zi /clr /nologo /W3 /WX- /Od /Oy- /D WIN32 /D _DEBUG /D _UNICODE /D UNICODE /EHa /MDd /GS /fp:precise /Zc:wchar_t /Zc:forScope /Fo"Debug\\" /Fd"Debug\vc100.pdb" /TP /analyze- /errorReport:prompt "C:\Users\jp\AppData\Local\Temp\.NETFramework,Version=v4.0.AssemblyAttributes.cpp"
         .NETFramework,Version=v4.0.AssemblyAttributes.cpp
       CoreResGen:
         "C:\Program Files (x86)\Microsoft SDKs\Windows\v7.0A\bin\NETFX 4.0 Tools\resgen.exe" /useSourcePath /r:"C:\Program Files (x86)\Reference Assemblies\Microsoft\Framework\.NETFramework\v4.0\Microsoft.VisualBasic.dll" /r:C:\WINDOWS\assembly\GAC_MSIL\Microsoft.VisualBasic.PowerPacks.Vs\10.0.0.0__b03f5f7f11d50a3a\Microsoft.VisualBasic.PowerPacks.Vs.dll /r:"C:\Program Files (x86)\Reference Assemblies\Microsoft\Framework\.NETFramework\v4.0\System.Core.dll" /r:"C:\Program Files (x86)\Reference Assemblies\Microsoft\Framework\.NETFramework\v4.0\System.Data.dll" /r:"C:\Program Files (x86)\Reference Assemblies\Microsoft\Framework\.NETFramework\v4.0\System.dll" /r:"C:\Program Files (x86)\Reference Assemblies\Microsoft\Framework\.NETFramework\v4.0\System.Drawing.dll" /r:"C:\Program Files (x86)\Reference Assemblies\Microsoft\Framework\.NETFramework\v4.0\System.Windows.Forms.dll" /r:"C:\Program Files (x86)\Reference Assemblies\Microsoft\Framework\.NETFramework\v4.0\System.Xml.dll" /compile Form1.resX,Debug\vehicle_tutorial.Form1.resources
         Processing resource file "Form1.resX" into "Debug\vehicle_tutorial.Form1.resources".
       ResourceCompile:
         C:\Program Files (x86)\Microsoft SDKs\Windows\v7.0A\bin\rc.exe /D _UNICODE /D UNICODE /l"0x0409" /nologo /fo"Debug\app.res" app.rc 
       Link:
         G:\installvisualStudio\visual studio 2010\VC\bin\link.exe /ERRORREPORT:PROMPT /OUT:"F:\iitg_speech_recognition\projects\vehicle_tutorial\Debug\vehicle_tutorial.exe" /INCREMENTAL /NOLOGO /ASSEMBLYRESOURCE:Debug\vehicle_tutorial.Form1.resources /MANIFEST /ManifestFile:"Debug\vehicle_tutorial.exe.intermediate.manifest" /MANIFESTUAC:"level='asInvoker' uiAccess='false'" /DEBUG /PDB:"F:\iitg_speech_recognition\projects\vehicle_tutorial\Debug\vehicle_tutorial.pdb" /ASSEMBLYDEBUG /SUBSYSTEM:WINDOWS /TLBID:1 /ENTRY:"main" /DYNAMICBASE /FIXED:NO /NXCOMPAT /MACHINE:X86 Debug\app.res
         Debug\AssemblyInfo.obj
         Debug\stdafx.obj
         Debug\vehicle_tutorial.obj
         "Debug\.NETFramework,Version=v4.0.AssemblyAttributes.obj"
         vehicle_tutorial.vcxproj -> F:\iitg_speech_recognition\projects\vehicle_tutorial\Debug\vehicle_tutorial.exe
       Manifest:
         C:\Program Files (x86)\Microsoft SDKs\Windows\v7.0A\bin\mt.exe /nologo /verbose /outputresource:"F:\iitg_speech_recognition\projects\vehicle_tutorial\Debug\vehicle_tutorial.exe;#1" /manifest Debug\vehicle_tutorial.exe.intermediate.manifest
       FinalizeBuildStatus:
         Deleting file "Debug\vehicle_tutorial.unsuccessfulbuild".
         Touching "Debug\vehicle_tutorial.lastbuildstate".
     1>Done Building Project "F:\iitg_speech_recognition\projects\vehicle_tutorial\vehicle_tutorial\vehicle_tutorial.vcxproj" (rebuild target(s)).

Build succeeded.

Time Elapsed 00:00:17.01
